<?xml version="1.0" encoding="UTF-8" ?>
<testsuite tests="7" failures="0" name="SquadTest" time="0.015" errors="0" skipped="0">
  <properties>
[...]
</properties>
  <testcase classname="SquadTest" name="succesFullyGetsHero_true" time="0.015"/>
  <testcase classname="SquadTest" name="getId_squadInstantiatesWithAnID_1" time="0"/>
  <testcase classname="SquadTest" name="getCreatedAt_instantiatesWithCurrentTime_today" time="0"/>
  <testcase classname="SquadTest" name="checksIfHeroAppearsInOnlyOneSquadAtATime_true" time="0"/>
  <testcase classname="SquadTest" name="checksIfSquadCanAddHeroes_true" time="0"/>
  <testcase classname="SquadTest" name="getPublished_isFalseAfterInstantiation_false" time="0"/>
  <testcase classname="SquadTest" name="instantiatesSquadCorrectly_true" time="0"/>
</testsuite>